* using log directory ‘/home/cassandre/marklifemap/marklifemap.Rcheck’
* using R version 4.0.3 (2020-10-10)
* using platform: x86_64-pc-linux-gnu (64-bit)
* using session charset: UTF-8
* using options ‘--no-manual --as-cran’
* checking for file ‘marklifemap/DESCRIPTION’ ... OK
* this is package ‘marklifemap’ version ‘0.0.0.9000’
* package encoding: UTF-8
* checking package namespace information ... OK
* checking package dependencies ... OK
* checking if this is a source package ... OK
* checking if there is a namespace ... OK
* checking for executable files ... OK
* checking for hidden files and directories ... OK
* checking for portable file names ... WARNING
Found the following file with a non-portable file name:
  #' NULL by default.Rd
These are not fully portable file names.
See section ‘Package structure’ in the ‘Writing R Extensions’ manual.
* checking for sufficient/correct file permissions ... OK
* checking serialization versions ... OK
* checking whether package ‘marklifemap’ can be installed ... OK
* checking installed package size ... OK
* checking package directory ... OK
* checking for future file timestamps ... OK
* checking DESCRIPTION meta-information ... OK
* checking top-level files ... NOTE
Non-standard file/directory found at top level:
  ‘#' NULL by default.Rd’
* checking for left-over files ... NOTE
The following files look like leftovers:
  ‘marklifemap/#' NULL by default.Rd’
Please remove them from your package.
* checking index information ... OK
* checking package subdirectories ... OK
* checking R files for non-ASCII characters ... OK
* checking R files for syntax errors ... OK
* checking whether the package can be loaded ... OK
* checking whether the package can be loaded with stated dependencies ... OK
* checking whether the package can be unloaded cleanly ... OK
* checking whether the namespace can be loaded with stated dependencies ... OK
* checking whether the namespace can be unloaded cleanly ... OK
* checking loading without being on the library search path ... OK
* checking dependencies in R code ... OK
* checking S3 generic/method consistency ... OK
* checking replacement functions ... OK
* checking foreign function calls ... OK
* checking R code for possible problems ... OK
* checking Rd files ... OK
* checking Rd metadata ... OK
* checking Rd line widths ... NOTE
Rd file 'map_and_data.Rd':
  \examples lines wider than 100 characters:
     map_and_data(fromJSON("http://lifemap-ncbi.univ-lyon1.fr/solr/taxo/select?q=taxid:(2%209443%202087)&wt=json&rows=1000"), c(2,9443,2087) ... [TRUNCATED]

These lines will be truncated in the PDF manual.
* checking Rd cross-references ... OK
* checking for missing documentation entries ... OK
* checking for code/documentation mismatches ... OK
* checking Rd \usage sections ... WARNING
Undocumented arguments in documentation object 'marklifemap'
  ‘minimap’

Functions with \usage entries need to have the appropriate \alias
entries, and all their arguments documented.
The \usage entries must correspond to syntactically valid R code.
See chapter ‘Writing R documentation files’ in the ‘Writing R
Extensions’ manual.
* checking Rd contents ... OK
* checking for unstated dependencies in examples ... OK
* checking examples ... ERROR
Running examples in ‘marklifemap-Ex.R’ failed
The error most likely occurred in:

> base::assign(".ptime", proc.time(), pos = "CheckExEnv")
> ### Name: add_markers
> ### Title: Add markers
> ### Aliases: add_markers
> 
> ### ** Examples
> 
> add_markers(marks, newmap(solr_request(2, "ncbi"), "ncbi"))
.Error: Required package curl not found. Please run: install.packages('curl')
Execution halted
* checking for non-standard things in the check directory ... OK
* checking for detritus in the temp directory ... OK
* DONE
Status: 1 ERROR, 2 WARNINGs, 3 NOTEs
